<?xml version="1.0" encoding="UTF-8"?>
<testsuite name="com.tourguide.user.ModelTest" tests="4" skipped="0" failures="0" errors="0" timestamp="2022-01-28T21:46:37" hostname="iMac-de-Admin.local" time="0.422">
  <properties/>
  <testcase name="getUserPreferencesTest()" classname="com.tourguide.user.ModelTest" time="0.396"/>
  <testcase name="setUserPreferencesTest()" classname="com.tourguide.user.ModelTest" time="0.005"/>
  <testcase name="setUserTest()" classname="com.tourguide.user.ModelTest" time="0.012"/>
  <testcase name="getUserTest()" classname="com.tourguide.user.ModelTest" time="0.004"/>
  <system-out><![CDATA[22:46:28.964 [Test worker] DEBUG org.springframework.test.context.BootstrapUtils - Instantiating CacheAwareContextLoaderDelegate from class [org.springframework.test.context.cache.DefaultCacheAwareContextLoaderDelegate]
22:46:29.005 [Test worker] DEBUG org.springframework.test.context.BootstrapUtils - Instantiating BootstrapContext using constructor [public org.springframework.test.context.support.DefaultBootstrapContext(java.lang.Class,org.springframework.test.context.CacheAwareContextLoaderDelegate)]
22:46:29.136 [Test worker] DEBUG org.springframework.test.context.BootstrapUtils - Instantiating TestContextBootstrapper for test class [com.tourguide.user.ModelTest] from class [org.springframework.boot.test.context.SpringBootTestContextBootstrapper]
22:46:29.175 [Test worker] INFO org.springframework.boot.test.context.SpringBootTestContextBootstrapper - Neither @ContextConfiguration nor @ContextHierarchy found for test class [com.tourguide.user.ModelTest], using SpringBootContextLoader
22:46:29.190 [Test worker] DEBUG org.springframework.test.context.support.AbstractContextLoader - Did not detect default resource location for test class [com.tourguide.user.ModelTest]: class path resource [com/tourguide/user/ModelTest-context.xml] does not exist
22:46:29.191 [Test worker] DEBUG org.springframework.test.context.support.AbstractContextLoader - Did not detect default resource location for test class [com.tourguide.user.ModelTest]: class path resource [com/tourguide/user/ModelTestContext.groovy] does not exist
22:46:29.194 [Test worker] INFO org.springframework.test.context.support.AbstractContextLoader - Could not detect default resource locations for test class [com.tourguide.user.ModelTest]: no resource found for suffixes {-context.xml, Context.groovy}.
22:46:29.196 [Test worker] INFO org.springframework.test.context.support.AnnotationConfigContextLoaderUtils - Could not detect default configuration classes for test class [com.tourguide.user.ModelTest]: ModelTest does not declare any static, non-private, non-final, nested classes annotated with @Configuration.
22:46:29.333 [Test worker] DEBUG org.springframework.test.context.support.ActiveProfilesUtils - Could not find an 'annotation declaring class' for annotation type [org.springframework.test.context.ActiveProfiles] and class [com.tourguide.user.ModelTest]
22:46:29.512 [Test worker] DEBUG org.springframework.context.annotation.ClassPathScanningCandidateComponentProvider - Identified candidate component class: file [/Users/mac/Desktop/OC/eclipse-workplace/TourGuideUser/build/classes/java/main/com/tourguide/user/TourGuideUserApplication.class]
22:46:29.533 [Test worker] INFO org.springframework.boot.test.context.SpringBootTestContextBootstrapper - Found @SpringBootConfiguration com.tourguide.user.TourGuideUserApplication for test class com.tourguide.user.ModelTest
22:46:29.806 [Test worker] DEBUG org.springframework.boot.test.context.SpringBootTestContextBootstrapper - @TestExecutionListeners is not present for class [com.tourguide.user.ModelTest]: using defaults.
22:46:29.807 [Test worker] INFO org.springframework.boot.test.context.SpringBootTestContextBootstrapper - Loaded default TestExecutionListener class names from location [META-INF/spring.factories]: [org.springframework.boot.test.autoconfigure.restdocs.RestDocsTestExecutionListener, org.springframework.boot.test.autoconfigure.web.client.MockRestServiceServerResetTestExecutionListener, org.springframework.boot.test.autoconfigure.web.servlet.MockMvcPrintOnlyOnFailureTestExecutionListener, org.springframework.boot.test.autoconfigure.web.servlet.WebDriverTestExecutionListener, org.springframework.boot.test.autoconfigure.webservices.client.MockWebServiceServerTestExecutionListener, org.springframework.boot.test.mock.mockito.MockitoTestExecutionListener, org.springframework.boot.test.mock.mockito.ResetMocksTestExecutionListener, org.springframework.test.context.web.ServletTestExecutionListener, org.springframework.test.context.support.DirtiesContextBeforeModesTestExecutionListener, org.springframework.test.context.event.ApplicationEventsTestExecutionListener, org.springframework.test.context.support.DependencyInjectionTestExecutionListener, org.springframework.test.context.support.DirtiesContextTestExecutionListener, org.springframework.test.context.transaction.TransactionalTestExecutionListener, org.springframework.test.context.jdbc.SqlScriptsTestExecutionListener, org.springframework.test.context.event.EventPublishingTestExecutionListener]
22:46:29.864 [Test worker] INFO org.springframework.boot.test.context.SpringBootTestContextBootstrapper - Using TestExecutionListeners: [org.springframework.test.context.web.ServletTestExecutionListener@677c2820, org.springframework.test.context.support.DirtiesContextBeforeModesTestExecutionListener@39c1e7b7, org.springframework.test.context.event.ApplicationEventsTestExecutionListener@1c14d24d, org.springframework.boot.test.mock.mockito.MockitoTestExecutionListener@28515443, org.springframework.boot.test.autoconfigure.SpringBootDependencyInjectionTestExecutionListener@2eea4441, org.springframework.test.context.support.DirtiesContextTestExecutionListener@1820f274, org.springframework.test.context.transaction.TransactionalTestExecutionListener@221cdd87, org.springframework.test.context.jdbc.SqlScriptsTestExecutionListener@4d66cb, org.springframework.test.context.event.EventPublishingTestExecutionListener@7c79f2cf, org.springframework.boot.test.autoconfigure.restdocs.RestDocsTestExecutionListener@63551c66, org.springframework.boot.test.autoconfigure.web.client.MockRestServiceServerResetTestExecutionListener@2761156e, org.springframework.boot.test.autoconfigure.web.servlet.MockMvcPrintOnlyOnFailureTestExecutionListener@4cf15477, org.springframework.boot.test.autoconfigure.web.servlet.WebDriverTestExecutionListener@7fad28ac, org.springframework.boot.test.autoconfigure.webservices.client.MockWebServiceServerTestExecutionListener@3450bd13, org.springframework.boot.test.mock.mockito.ResetMocksTestExecutionListener@1bb51492]
22:46:29.873 [Test worker] DEBUG org.springframework.test.context.support.AbstractDirtiesContextTestExecutionListener - Before test class: context [DefaultTestContext@66e218d8 testClass = ModelTest, testInstance = [null], testMethod = [null], testException = [null], mergedContextConfiguration = [WebMergedContextConfiguration@5b80b41d testClass = ModelTest, locations = '{}', classes = '{class com.tourguide.user.TourGuideUserApplication}', contextInitializerClasses = '[]', activeProfiles = '{}', propertySourceLocations = '{}', propertySourceProperties = '{org.springframework.boot.test.context.SpringBootTestContextBootstrapper=true}', contextCustomizers = set[org.springframework.boot.test.autoconfigure.actuate.metrics.MetricsExportContextCustomizerFactory$DisableMetricExportContextCustomizer@3af36922, org.springframework.boot.test.autoconfigure.properties.PropertyMappingContextCustomizer@0, org.springframework.boot.test.autoconfigure.web.servlet.WebDriverContextCustomizerFactory$Customizer@7f1f60a0, org.springframework.boot.test.context.filter.ExcludeFilterContextCustomizer@4eeb14e0, org.springframework.boot.test.json.DuplicateJsonObjectContextCustomizerFactory$DuplicateJsonObjectContextCustomizer@cfd5cd2, org.springframework.boot.test.mock.mockito.MockitoContextCustomizer@0, org.springframework.boot.test.web.client.TestRestTemplateContextCustomizer@22b7ef2b, org.springframework.boot.test.context.SpringBootTestArgs@1, org.springframework.boot.test.context.SpringBootTestWebEnvironment@66c38e51], resourceBasePath = 'src/main/webapp', contextLoader = 'org.springframework.boot.test.context.SpringBootContextLoader', parent = [null]], attributes = map['org.springframework.test.context.web.ServletTestExecutionListener.activateListener' -> true]], class annotated with @DirtiesContext [false] with mode [null].
22:46:30.039 [Test worker] DEBUG org.springframework.boot.ApplicationServletEnvironment - Activating profiles []
22:46:30.044 [Test worker] DEBUG org.springframework.test.context.support.TestPropertySourceUtils - Adding inlined properties to environment: {spring.jmx.enabled=false, org.springframework.boot.test.context.SpringBootTestContextBootstrapper=true}

  .   ____          _            __ _ _
 /\\ / ___'_ __ _ _(_)_ __  __ _ \ \ \ \
( ( )\___ | '_ | '_| | '_ \/ _` | \ \ \ \
 \\/  ___)| |_)| | | | | || (_| |  ) ) ) )
  '  |____| .__|_| |_|_| |_\__, | / / / /
 =========|_|==============|___/=/_/_/_/
 :: Spring Boot ::                (v2.6.2)

2022-01-28 22:46:30.635  INFO 868 --- [    Test worker] com.tourguide.user.ModelTest             : Starting ModelTest using Java 11.0.9.1 on iMac-de-Admin.local with PID 868 (started by mac in /Users/mac/Desktop/OC/eclipse-workplace/TourGuideUser)
2022-01-28 22:46:30.638  INFO 868 --- [    Test worker] com.tourguide.user.ModelTest             : No active profile set, falling back to default profiles: default
2022-01-28 22:46:31.869  INFO 868 --- [    Test worker] .s.d.r.c.RepositoryConfigurationDelegate : Bootstrapping Spring Data JPA repositories in DEFAULT mode.
2022-01-28 22:46:31.949  INFO 868 --- [    Test worker] .s.d.r.c.RepositoryConfigurationDelegate : Finished Spring Data repository scanning in 66 ms. Found 1 JPA repository interfaces.
2022-01-28 22:46:32.850  INFO 868 --- [    Test worker] com.zaxxer.hikari.HikariDataSource       : HikariPool-1 - Starting...
2022-01-28 22:46:33.376  INFO 868 --- [    Test worker] com.zaxxer.hikari.HikariDataSource       : HikariPool-1 - Start completed.
2022-01-28 22:46:33.503  INFO 868 --- [    Test worker] o.hibernate.jpa.internal.util.LogHelper  : HHH000204: Processing PersistenceUnitInfo [name: default]
2022-01-28 22:46:33.607  INFO 868 --- [    Test worker] org.hibernate.Version                    : HHH000412: Hibernate ORM core version 5.6.3.Final
2022-01-28 22:46:33.932  INFO 868 --- [    Test worker] o.hibernate.annotations.common.Version   : HCANN000001: Hibernate Commons Annotations {5.1.2.Final}
2022-01-28 22:46:34.209  INFO 868 --- [    Test worker] org.hibernate.dialect.Dialect            : HHH000400: Using dialect: org.hibernate.dialect.H2Dialect
2022-01-28 22:46:34.514  INFO 868 --- [    Test worker] o.j.m.DefaultMonetaryContextFactory      : Using custom MathContext: precision=256, roundingMode=HALF_EVEN
2022-01-28 22:46:35.374  INFO 868 --- [    Test worker] o.h.e.t.j.p.i.JtaPlatformInitiator       : HHH000490: Using JtaPlatform implementation: [org.hibernate.engine.transaction.jta.platform.internal.NoJtaPlatform]
2022-01-28 22:46:35.388  INFO 868 --- [    Test worker] j.LocalContainerEntityManagerFactoryBean : Initialized JPA EntityManagerFactory for persistence unit 'default'
2022-01-28 22:46:36.270  WARN 868 --- [    Test worker] JpaBaseConfiguration$JpaWebConfiguration : spring.jpa.open-in-view is enabled by default. Therefore, database queries may be performed during view rendering. Explicitly configure spring.jpa.open-in-view to disable this warning
2022-01-28 22:46:36.686  INFO 868 --- [    Test worker] o.s.b.a.h2.H2ConsoleAutoConfiguration    : H2 console available at '/h2-console'. Database available at 'jdbc:h2:mem:f62db68d-0860-4186-9dcc-5a1dd72b110b'
2022-01-28 22:46:37.340  INFO 868 --- [    Test worker] com.tourguide.user.ModelTest             : Started ModelTest in 7.284 seconds (JVM running for 15.886)
]]></system-out>
  <system-err><![CDATA[]]></system-err>
</testsuite>
