<?xml version="1.0" encoding="UTF-8"?>
<testsuite name="com.tourguide.user.ServiceTest" tests="1" skipped="0" failures="0" errors="0" timestamp="2022-01-28T21:46:37" hostname="iMac-de-Admin.local" time="0.572">
  <properties/>
  <testcase name="saveUserPreferencesTest()" classname="com.tourguide.user.ServiceTest" time="0.572"/>
  <system-out><![CDATA[2022-01-28 22:46:37.819  INFO 868 --- [    Test worker] .b.t.c.SpringBootTestContextBootstrapper : Neither @ContextConfiguration nor @ContextHierarchy found for test class [com.tourguide.user.ServiceTest], using SpringBootContextLoader
2022-01-28 22:46:37.822  INFO 868 --- [    Test worker] o.s.t.c.support.AbstractContextLoader    : Could not detect default resource locations for test class [com.tourguide.user.ServiceTest]: no resource found for suffixes {-context.xml, Context.groovy}.
2022-01-28 22:46:37.823  INFO 868 --- [    Test worker] t.c.s.AnnotationConfigContextLoaderUtils : Could not detect default configuration classes for test class [com.tourguide.user.ServiceTest]: ServiceTest does not declare any static, non-private, non-final, nested classes annotated with @Configuration.
2022-01-28 22:46:37.825  INFO 868 --- [    Test worker] .b.t.c.SpringBootTestContextBootstrapper : Found @SpringBootConfiguration com.tourguide.user.TourGuideUserApplication for test class com.tourguide.user.ServiceTest
2022-01-28 22:46:37.828  INFO 868 --- [    Test worker] .b.t.c.SpringBootTestContextBootstrapper : Loaded default TestExecutionListener class names from location [META-INF/spring.factories]: [org.springframework.boot.test.autoconfigure.restdocs.RestDocsTestExecutionListener, org.springframework.boot.test.autoconfigure.web.client.MockRestServiceServerResetTestExecutionListener, org.springframework.boot.test.autoconfigure.web.servlet.MockMvcPrintOnlyOnFailureTestExecutionListener, org.springframework.boot.test.autoconfigure.web.servlet.WebDriverTestExecutionListener, org.springframework.boot.test.autoconfigure.webservices.client.MockWebServiceServerTestExecutionListener, org.springframework.boot.test.mock.mockito.MockitoTestExecutionListener, org.springframework.boot.test.mock.mockito.ResetMocksTestExecutionListener, org.springframework.test.context.web.ServletTestExecutionListener, org.springframework.test.context.support.DirtiesContextBeforeModesTestExecutionListener, org.springframework.test.context.event.ApplicationEventsTestExecutionListener, org.springframework.test.context.support.DependencyInjectionTestExecutionListener, org.springframework.test.context.support.DirtiesContextTestExecutionListener, org.springframework.test.context.transaction.TransactionalTestExecutionListener, org.springframework.test.context.jdbc.SqlScriptsTestExecutionListener, org.springframework.test.context.event.EventPublishingTestExecutionListener]
2022-01-28 22:46:37.831  INFO 868 --- [    Test worker] .b.t.c.SpringBootTestContextBootstrapper : Using TestExecutionListeners: [org.springframework.test.context.web.ServletTestExecutionListener@1805f51c, org.springframework.test.context.support.DirtiesContextBeforeModesTestExecutionListener@3e335ef0, org.springframework.test.context.event.ApplicationEventsTestExecutionListener@4965c3f7, org.springframework.boot.test.mock.mockito.MockitoTestExecutionListener@80a057c, org.springframework.boot.test.autoconfigure.SpringBootDependencyInjectionTestExecutionListener@3f90bc74, org.springframework.test.context.support.DirtiesContextTestExecutionListener@1bf0a1a8, org.springframework.test.context.transaction.TransactionalTestExecutionListener@7c6db35a, org.springframework.test.context.jdbc.SqlScriptsTestExecutionListener@2414784e, org.springframework.test.context.event.EventPublishingTestExecutionListener@1edd13a4, org.springframework.boot.test.autoconfigure.restdocs.RestDocsTestExecutionListener@3e1c36, org.springframework.boot.test.autoconfigure.web.client.MockRestServiceServerResetTestExecutionListener@11d89808, org.springframework.boot.test.autoconfigure.web.servlet.MockMvcPrintOnlyOnFailureTestExecutionListener@16895475, org.springframework.boot.test.autoconfigure.web.servlet.WebDriverTestExecutionListener@60bf2533, org.springframework.boot.test.autoconfigure.webservices.client.MockWebServiceServerTestExecutionListener@10105abe, org.springframework.boot.test.mock.mockito.ResetMocksTestExecutionListener@455d986c]
]]></system-out>
  <system-err><![CDATA[]]></system-err>
</testsuite>
