<?xml version="1.0" encoding="UTF-8"?>
<testsuite name="com.tourguide.user.TourGuideUserApplicationTests" tests="1" skipped="0" failures="0" errors="0" timestamp="2022-01-28T21:46:38" hostname="iMac-de-Admin.local" time="0.005">
  <properties/>
  <testcase name="contextLoads()" classname="com.tourguide.user.TourGuideUserApplicationTests" time="0.005"/>
  <system-out><![CDATA[2022-01-28 22:46:38.418  INFO 868 --- [    Test worker] .b.t.c.SpringBootTestContextBootstrapper : Neither @ContextConfiguration nor @ContextHierarchy found for test class [com.tourguide.user.TourGuideUserApplicationTests], using SpringBootContextLoader
2022-01-28 22:46:38.419  INFO 868 --- [    Test worker] o.s.t.c.support.AbstractContextLoader    : Could not detect default resource locations for test class [com.tourguide.user.TourGuideUserApplicationTests]: no resource found for suffixes {-context.xml, Context.groovy}.
2022-01-28 22:46:38.419  INFO 868 --- [    Test worker] t.c.s.AnnotationConfigContextLoaderUtils : Could not detect default configuration classes for test class [com.tourguide.user.TourGuideUserApplicationTests]: TourGuideUserApplicationTests does not declare any static, non-private, non-final, nested classes annotated with @Configuration.
2022-01-28 22:46:38.421  INFO 868 --- [    Test worker] .b.t.c.SpringBootTestContextBootstrapper : Found @SpringBootConfiguration com.tourguide.user.TourGuideUserApplication for test class com.tourguide.user.TourGuideUserApplicationTests
2022-01-28 22:46:38.423  INFO 868 --- [    Test worker] .b.t.c.SpringBootTestContextBootstrapper : Loaded default TestExecutionListener class names from location [META-INF/spring.factories]: [org.springframework.boot.test.autoconfigure.restdocs.RestDocsTestExecutionListener, org.springframework.boot.test.autoconfigure.web.client.MockRestServiceServerResetTestExecutionListener, org.springframework.boot.test.autoconfigure.web.servlet.MockMvcPrintOnlyOnFailureTestExecutionListener, org.springframework.boot.test.autoconfigure.web.servlet.WebDriverTestExecutionListener, org.springframework.boot.test.autoconfigure.webservices.client.MockWebServiceServerTestExecutionListener, org.springframework.boot.test.mock.mockito.MockitoTestExecutionListener, org.springframework.boot.test.mock.mockito.ResetMocksTestExecutionListener, org.springframework.test.context.web.ServletTestExecutionListener, org.springframework.test.context.support.DirtiesContextBeforeModesTestExecutionListener, org.springframework.test.context.event.ApplicationEventsTestExecutionListener, org.springframework.test.context.support.DependencyInjectionTestExecutionListener, org.springframework.test.context.support.DirtiesContextTestExecutionListener, org.springframework.test.context.transaction.TransactionalTestExecutionListener, org.springframework.test.context.jdbc.SqlScriptsTestExecutionListener, org.springframework.test.context.event.EventPublishingTestExecutionListener]
2022-01-28 22:46:38.424  INFO 868 --- [    Test worker] .b.t.c.SpringBootTestContextBootstrapper : Using TestExecutionListeners: [org.springframework.test.context.web.ServletTestExecutionListener@b3e4705, org.springframework.test.context.support.DirtiesContextBeforeModesTestExecutionListener@48277cbe, org.springframework.test.context.event.ApplicationEventsTestExecutionListener@130f242, org.springframework.boot.test.mock.mockito.MockitoTestExecutionListener@65207e2d, org.springframework.boot.test.autoconfigure.SpringBootDependencyInjectionTestExecutionListener@1cdf1be3, org.springframework.test.context.support.DirtiesContextTestExecutionListener@6f6e464a, org.springframework.test.context.transaction.TransactionalTestExecutionListener@69ca1b07, org.springframework.test.context.jdbc.SqlScriptsTestExecutionListener@f7dc105, org.springframework.test.context.event.EventPublishingTestExecutionListener@6b19d30a, org.springframework.boot.test.autoconfigure.restdocs.RestDocsTestExecutionListener@76d88435, org.springframework.boot.test.autoconfigure.web.client.MockRestServiceServerResetTestExecutionListener@4f73bbca, org.springframework.boot.test.autoconfigure.web.servlet.MockMvcPrintOnlyOnFailureTestExecutionListener@2e673ec8, org.springframework.boot.test.autoconfigure.web.servlet.WebDriverTestExecutionListener@bc3298d, org.springframework.boot.test.autoconfigure.webservices.client.MockWebServiceServerTestExecutionListener@3988edec, org.springframework.boot.test.mock.mockito.ResetMocksTestExecutionListener@6b77acfc]
]]></system-out>
  <system-err><![CDATA[]]></system-err>
</testsuite>
